2026-02-16 10:03:19,234 - orchestrator.4527038544 - INFO - HITL checkpoint: drone_id=D-1, risk=1.00, confidence=0.85, route=hitl_review
2026-02-16 10:59:02,520 - orchestrator.4571618576 - INFO - HITL checkpoint: drone_id=D-1001, risk=1.00, confidence=0.85, route=hitl_review
2026-02-16 11:05:52,446 - orchestrator.4453190544 - INFO - HITL checkpoint: drone_id=D-1001, risk=1.00, confidence=0.80, route=hitl_review
2026-02-16 11:32:12,287 - orchestrator.4552667408 - INFO - HITL checkpoint: drone_id=D-0001, risk=0.70, confidence=0.65, route=hitl_review
2026-02-16 11:32:41,177 - orchestrator.4575089488 - INFO - HITL checkpoint: drone_id=D-0001, risk=0.80, confidence=0.65, route=hitl_review
2026-02-16 11:38:53,192 - orchestrator.4587680464 - INFO - HITL checkpoint: drone_id=D-0001, risk=0.70, confidence=0.65, route=hitl_review
2026-02-16 11:39:17,141 - orchestrator.4647725776 - INFO - HITL checkpoint: drone_id=D-0001, risk=0.80, confidence=0.65, route=hitl_review
2026-02-16 11:41:39,694 - orchestrator.4614832016 - INFO - HITL checkpoint: drone_id=D-0001, risk=0.70, confidence=0.65, route=hitl_review
2026-02-16 11:42:05,159 - orchestrator.4668984464 - INFO - HITL checkpoint: drone_id=D-0001, risk=0.80, confidence=0.65, route=hitl_review
2026-02-16 11:52:24,382 - orchestrator.4566431696 - INFO - HITL checkpoint: drone_id=D-0001, risk=0.70, confidence=0.65, route=hitl_review
2026-02-16 11:52:34,100 - orchestrator.4609453520 - INFO - HITL checkpoint: drone_id=D-0002, risk=0.70, confidence=0.65, route=hitl_review
2026-02-16 12:00:30,804 - orchestrator.4501671696 - INFO - HITL checkpoint: drone_id=D-1001, risk=0.70, confidence=0.65, route=hitl_review
2026-02-16 12:00:57,226 - orchestrator.4578441232 - INFO - HITL checkpoint: drone_id=D-0001, risk=0.80, confidence=0.65, route=hitl_review
2026-02-16 12:01:08,072 - orchestrator.4621896528 - INFO - HITL checkpoint: drone_id=D-0002, risk=0.70, confidence=0.65, route=hitl_review
2026-02-16 12:01:17,493 - orchestrator.4621909520 - INFO - HITL checkpoint: drone_id=D-0003, risk=0.70, confidence=0.65, route=hitl_review
2026-02-16 12:08:26,278 - orchestrator.4400714960 - INFO - HITL checkpoint: drone_id=D-0001, risk=0.89, confidence=0.62, route=hitl_review
2026-02-16 12:08:42,955 - orchestrator.4445394320 - INFO - HITL checkpoint: drone_id=D-0002, risk=0.87, confidence=0.68, route=hitl_review
2026-02-16 12:08:56,676 - orchestrator.4421156688 - INFO - HITL checkpoint: drone_id=D-0003, risk=0.92, confidence=0.57, route=hitl_review
2026-02-16 14:43:41,994 - orchestrator.4661735760 - INFO - HITL checkpoint: drone_id=D-0001, risk=0.89, confidence=0.69, route=hitl_review
2026-02-16 14:43:49,453 - orchestrator.4661735760 - INFO - HITL checkpoint: drone_id=D-0001, risk=0.94, confidence=0.69, route=hitl_review
2026-02-16 14:54:30,704 - orchestrator.4530431440 - INFO - HITL checkpoint: drone_id=D-0001, risk=0.89, confidence=0.69, route=hitl_review
2026-02-16 14:54:39,395 - orchestrator.4530431440 - INFO - HITL checkpoint: drone_id=D-0001, risk=0.94, confidence=0.62, route=hitl_review
2026-02-16 14:58:00,832 - orchestrator.4450418064 - INFO - HITL checkpoint: drone_id=D-1001, risk=0.89, confidence=0.69, route=hitl_review
2026-02-16 14:58:08,285 - orchestrator.4450418064 - INFO - HITL checkpoint: drone_id=D-1001, risk=0.92, confidence=0.68, route=hitl_review
2026-02-16 15:09:08,281 - orchestrator.4610240848 - INFO - HITL checkpoint: drone_id=D-0001, risk=0.89, confidence=0.69, route=hitl_review
2026-02-16 15:09:20,457 - orchestrator.4610240848 - INFO - HITL checkpoint: drone_id=D-0001, risk=0.94, confidence=0.69, route=hitl_review
2026-02-16 15:22:35,102 - orchestrator.4390463632 - WARNING - Inconsistent decision detected: HIGH risk_band=HIGH but should_alert=False. Routing to HITL. Decision: route='hitl_review' risk_band='HIGH' should_alert=False rationale='The risk score of 0.891 indicates a high risk situation, and the confidence level of 0.688 is below the threshold for automated alerts. Therefore, human review is necessary to assess the situation further and ensure compliance with FAA Part 107 regulations regarding altitude operations.'
2026-02-16 15:22:35,105 - orchestrator.4390463632 - INFO - HITL checkpoint: drone_id=D-0001, risk=0.89, confidence=0.69, route=hitl_review
2026-02-16 15:22:42,155 - orchestrator.4390463632 - WARNING - Inconsistent decision detected: HIGH risk_band=HIGH but should_alert=False. Routing to HITL. Decision: route='hitl_review' risk_band='HIGH' should_alert=False rationale='The risk score of 0.944 indicates a high risk situation, and the confidence level of 0.688 is below the threshold for automated decision-making. Therefore, human review is necessary to assess the situation further and ensure compliance with FAA Part 107 regulations regarding altitude operations, particularly since the predicted altitude exceeds the ceiling of 300 ft, which poses a significant safety concern.'
2026-02-16 15:22:42,157 - orchestrator.4390463632 - INFO - HITL checkpoint: drone_id=D-0001, risk=0.94, confidence=0.69, route=hitl_review
2026-02-16 15:29:05,664 - orchestrator.4417419920 - WARNING - Inconsistent decision detected: HIGH risk_band=HIGH but should_alert=False. Routing to HITL. Decision: route='hitl_review' risk_band='HIGH' should_alert=False rationale='The risk score of 0.917 indicates a high risk situation, and the confidence level of 0.54 is below the threshold for reliable assessment. According to FAA guidelines, high risk situations with low confidence require human review to ensure safety compliance and operational integrity.'
2026-02-16 15:29:05,666 - orchestrator.4417419920 - INFO - HITL checkpoint: drone_id=D-0003, risk=0.92, confidence=0.54, route=hitl_review
2026-02-16 15:29:13,129 - orchestrator.4417419920 - WARNING - Inconsistent decision detected: HIGH risk_band=HIGH but should_alert=False. Routing to HITL. Decision: route='hitl_review' risk_band='HIGH' should_alert=False rationale='The risk score of 0.97 indicates a high risk situation, and the confidence level of 0.67 is below the threshold for automated alerts. Therefore, human review is necessary to assess the situation further and ensure compliance with FAA regulations regarding altitude operations, particularly as the predicted altitude exceeds the ceiling of 300 ft, which is a violation of FAA Part 107 guidelines.'
2026-02-16 15:29:13,131 - orchestrator.4417419920 - INFO - HITL checkpoint: drone_id=D-0003, risk=0.97, confidence=0.67, route=hitl_review
2026-02-16 15:39:32,284 - orchestrator.4424382352 - WARNING - Inconsistent decision detected: HIGH risk_band=HIGH but should_alert=False. Routing to HITL. Decision: route='hitl_review' risk_band='HIGH' should_alert=False rationale='The risk score of 0.873 indicates a high risk situation, and the confidence level of 0.68 is below the threshold for automated alerts. Therefore, human review is necessary to assess the situation further and ensure compliance with FAA Part 107 regulations regarding altitude operations.'
2026-02-16 15:39:32,287 - orchestrator.4424382352 - INFO - HITL checkpoint: drone_id=D-0002, risk=0.87, confidence=0.68, route=hitl_review
2026-02-16 15:39:39,850 - orchestrator.4424382352 - WARNING - Inconsistent decision detected: HIGH risk_band=HIGH but should_alert=False. Routing to HITL. Decision: route='hitl_review' risk_band='HIGH' should_alert=False rationale='The risk score of 0.933 indicates a high risk situation, and the confidence level of 0.68 is below the threshold for automated alerts. Therefore, human review is necessary to assess the situation further and ensure compliance with FAA Part 107 regulations regarding altitude operations, which state that drones must not operate above 400 feet in uncontrolled airspace unless otherwise authorized [S1].'
2026-02-16 15:39:39,852 - orchestrator.4424382352 - INFO - HITL checkpoint: drone_id=D-0002, risk=0.93, confidence=0.68, route=hitl_review
2026-02-16 15:42:50,537 - orchestrator.4485107664 - WARNING - Inconsistent decision detected: HIGH risk_band=HIGH but should_alert=False. Routing to HITL. Decision: route='hitl_review' risk_band='HIGH' should_alert=False rationale='The risk score of 0.917 indicates a high risk situation, and the confidence level of 0.54 is below the threshold for automated decision-making. According to FAA Part 107 guidance, operations above the ceiling of 300 ft are prohibited, necessitating human review to assess the situation further and ensure compliance with safety regulations.'
2026-02-16 15:42:50,541 - orchestrator.4485107664 - INFO - HITL checkpoint: drone_id=D-0003, risk=0.92, confidence=0.54, route=hitl_review
2026-02-16 15:42:57,487 - orchestrator.4485107664 - WARNING - Inconsistent decision detected: HIGH risk_band=HIGH but should_alert=False. Routing to HITL. Decision: route='hitl_review' risk_band='HIGH' should_alert=False rationale='The risk score of 0.97 indicates a high risk situation, and the confidence level of 0.67 is below the threshold for automated decision-making. Therefore, human review is necessary to assess the potential violation of altitude operations as per FAA Part 107 guidance, which mandates that drones must not operate above 400 feet AGL unless in compliance with specific regulations [S1].'
2026-02-16 15:42:57,489 - orchestrator.4485107664 - INFO - HITL checkpoint: drone_id=D-0003, risk=0.97, confidence=0.67, route=hitl_review
2026-02-16 16:45:37,786 - orchestrator.4631215376 - WARNING - Inconsistent decision detected: HIGH risk_band=HIGH but should_alert=False. Routing to HITL. Decision: route='hitl_review' risk_band='HIGH' should_alert=False rationale='The risk score of 0.917 indicates a high risk situation, and the confidence level of 0.67 is below the threshold for automated alerts. Therefore, human review is necessary to assess the situation further and ensure compliance with FAA Part 107 regulations regarding altitude operations.'
2026-02-16 16:45:37,788 - orchestrator.4631215376 - INFO - HITL checkpoint: drone_id=D-0003, risk=0.92, confidence=0.67, route=hitl_review
2026-02-16 16:45:44,079 - orchestrator.4631215376 - WARNING - Inconsistent decision detected: HIGH risk_band=HIGH but should_alert=False. Routing to HITL. Decision: route='hitl_review' risk_band='HIGH' should_alert=False rationale="The risk score of 0.97 indicates a high risk situation, and the confidence level of 0.67 is below the threshold for automated decision-making. Therefore, human review is necessary to assess the potential safety implications of the drone's altitude exceeding the ceiling of 300 ft, as per FAA Part 107 guidance on altitude operations."
2026-02-16 16:45:44,081 - orchestrator.4631215376 - INFO - HITL checkpoint: drone_id=D-0003, risk=0.97, confidence=0.67, route=hitl_review
2026-02-16 16:45:48,591 - orchestrator.4645709776 - WARNING - Inconsistent decision detected: HIGH risk_band=HIGH but should_alert=False. Routing to HITL. Decision: route='hitl_review' risk_band='HIGH' should_alert=False rationale='The risk score of 0.917 indicates a high risk situation, and the confidence level of 0.67 is below the threshold for automated alerts. Therefore, human review is necessary to assess the situation further and ensure compliance with FAA Part 107 regulations regarding altitude operations.'
2026-02-16 16:45:48,593 - orchestrator.4645709776 - INFO - HITL checkpoint: drone_id=D-0003, risk=0.92, confidence=0.67, route=hitl_review
2026-02-16 16:45:54,839 - orchestrator.4645709776 - WARNING - Inconsistent decision detected: HIGH risk_band=HIGH but should_alert=False. Routing to HITL. Decision: route='hitl_review' risk_band='HIGH' should_alert=False rationale="The risk score of 0.97 indicates a high risk situation, and the confidence level of 0.67 is below the threshold for automated decision-making. Therefore, human review is necessary to assess the potential safety implications of the drone's altitude exceeding the ceiling of 300 ft, as per FAA Part 107 guidance on altitude operations."
2026-02-16 16:45:54,840 - orchestrator.4645709776 - INFO - HITL checkpoint: drone_id=D-0003, risk=0.97, confidence=0.67, route=hitl_review
2026-02-16 16:51:50,524 - orchestrator.4574140624 - WARNING - Inconsistent decision detected: HIGH risk_band=HIGH but should_alert=False. Routing to HITL. Decision: route='hitl_review' risk_band='HIGH' should_alert=False rationale='The risk score of 0.873 indicates a high risk situation, and the confidence level of 0.62 is below the threshold for automated alerts. Therefore, human review is necessary to assess the situation further and ensure compliance with FAA Part 107 regulations regarding altitude operations.'
2026-02-16 16:51:50,525 - orchestrator.4574140624 - INFO - HITL checkpoint: drone_id=D-0002, risk=0.87, confidence=0.62, route=hitl_review
2026-02-16 16:51:55,801 - orchestrator.4574140624 - WARNING - Inconsistent decision detected: HIGH risk_band=HIGH but should_alert=False. Routing to HITL. Decision: route='hitl_review' risk_band='HIGH' should_alert=False rationale='The risk score of 0.933 indicates a high risk situation, and the confidence level of 0.68 is below the threshold for automated alerts. Therefore, human review is necessary to assess the situation further and ensure compliance with FAA Part 107 regulations regarding altitude operations.'
2026-02-16 16:51:55,802 - orchestrator.4574140624 - INFO - HITL checkpoint: drone_id=D-0002, risk=0.93, confidence=0.68, route=hitl_review
2026-02-16 16:52:02,003 - orchestrator.4589095120 - WARNING - Inconsistent decision detected: HIGH risk_band=HIGH but should_alert=False. Routing to HITL. Decision: route='hitl_review' risk_band='HIGH' should_alert=False rationale='The risk score of 0.873 indicates a high risk situation, and the confidence level of 0.58 is below the threshold for automated decision-making. According to FAA guidelines, high risk situations with low confidence require human review to ensure safety compliance and operational integrity.'
2026-02-16 16:52:02,005 - orchestrator.4589095120 - INFO - HITL checkpoint: drone_id=D-0002, risk=0.87, confidence=0.58, route=hitl_review
2026-02-16 16:52:07,380 - orchestrator.4589095120 - WARNING - Inconsistent decision detected: HIGH risk_band=HIGH but should_alert=False. Routing to HITL. Decision: route='hitl_review' risk_band='HIGH' should_alert=False rationale='The risk score of 0.933 indicates a high risk situation, and the confidence level of 0.62 is below the threshold for automated alerts. Therefore, human review is necessary to assess the situation further and ensure compliance with FAA Part 107 regulations regarding altitude operations.'
2026-02-16 16:52:07,381 - orchestrator.4589095120 - INFO - HITL checkpoint: drone_id=D-0002, risk=0.93, confidence=0.62, route=hitl_review
2026-02-16 17:04:05,066 - orchestrator.4660640208 - WARNING - Inconsistent decision detected: HIGH risk_band=HIGH but should_alert=False. Routing to HITL. Decision: route='hitl_review' risk_band='HIGH' should_alert=False rationale='The risk score of 0.873 indicates a high risk situation, and the confidence level of 0.58 is below the threshold for automated decision-making. Therefore, a human operator must review the situation to determine the appropriate action, as per FAA guidelines for high-risk operations.'
2026-02-16 17:04:05,068 - orchestrator.4660640208 - INFO - HITL checkpoint: drone_id=D-0002, risk=0.87, confidence=0.58, route=hitl_review
2026-02-16 17:04:12,010 - orchestrator.4660640208 - WARNING - Inconsistent decision detected: HIGH risk_band=HIGH but should_alert=False. Routing to HITL. Decision: route='hitl_review' risk_band='HIGH' should_alert=False rationale="The risk score of 0.933 indicates a high risk situation, necessitating a human operator's review for final decision-making. The predicted altitude exceeds the ceiling of 300 ft, which violates FAA Part 107 regulations regarding altitude operations, thus requiring careful assessment before proceeding."
2026-02-16 17:04:12,012 - orchestrator.4660640208 - INFO - HITL checkpoint: drone_id=D-0002, risk=0.93, confidence=0.68, route=hitl_review
2026-02-16 17:17:18,703 - orchestrator.4561753552 - WARNING - Inconsistent decision detected: HIGH risk_band=HIGH but should_alert=False. Routing to HITL. Decision: route='hitl_review' risk_band='HIGH' should_alert=False rationale='The risk score of 0.891 indicates a high risk situation, and the confidence level of 0.688 is below the threshold of 0.75. Therefore, a human operator must review the situation to make a final decision on the safety of the drone operation, especially since the predicted altitude exceeds the ceiling of 300 ft, which violates FAA Part 107 guidance on altitude operations.'
2026-02-16 17:17:18,707 - orchestrator.4561753552 - INFO - HITL checkpoint: drone_id=D-1001, risk=0.89, confidence=0.69, route=hitl_review
2026-02-16 17:17:25,859 - orchestrator.4561753552 - WARNING - Inconsistent decision detected: HIGH risk_band=HIGH but should_alert=False. Routing to HITL. Decision: route='hitl_review' risk_band='HIGH' should_alert=False rationale='The risk score of 0.915 indicates a high risk situation, and the confidence level of 0.675 is below the threshold for automated decision-making. Therefore, a human operator must review the situation to determine the appropriate action, especially since the predicted altitude exceeds the ceiling of 300 ft, which violates FAA Part 107 regulations regarding altitude operations.'
2026-02-16 17:17:25,860 - orchestrator.4561753552 - INFO - HITL checkpoint: drone_id=D-1001, risk=0.91, confidence=0.67, route=hitl_review
2026-02-16 18:40:57,787 - orchestrator.4530927440 - WARNING - Inconsistent decision detected: HIGH risk_band=HIGH but should_alert=False. Routing to HITL. Decision: route='hitl_review' risk_band='HIGH' should_alert=False rationale='The risk score of 0.891 indicates a high risk situation, and the confidence level of 0.688 is below the threshold of 0.75. Therefore, a human operator must review the situation to make a final decision on the safety of the drone operation, especially since the predicted altitude exceeds the ceiling of 300 ft, which is a violation of FAA Part 107 regulations regarding altitude operations.'
2026-02-16 18:40:57,789 - orchestrator.4530927440 - INFO - HITL checkpoint: drone_id=D-1001, risk=0.89, confidence=0.69, route=hitl_review
2026-02-16 18:41:08,217 - orchestrator.4530927440 - WARNING - Inconsistent decision detected: HIGH risk_band=HIGH but should_alert=False. Routing to HITL. Decision: route='hitl_review' risk_band='HIGH' should_alert=False rationale="The risk score of 0.915 indicates a high risk situation, necessitating a human operator's review for final decision-making. The predicted altitude of 312.0 ft exceeds the ceiling of 300.0 ft, which is a violation of FAA Part 107 regulations regarding altitude operations. Given the confidence level of 0.675, there is uncertainty in the risk assessment, further justifying the need for human intervention."
2026-02-16 18:41:08,219 - orchestrator.4530927440 - INFO - HITL checkpoint: drone_id=D-1001, risk=0.92, confidence=0.68, route=hitl_review
2026-02-16 18:54:07,371 - orchestrator.4648678608 - WARNING - Inconsistent decision detected: HIGH risk_band=HIGH but should_alert=False. Routing to HITL. Decision: route='hitl_review' risk_band='HIGH' should_alert=False rationale='The risk score of 0.891 indicates a high risk situation, and the confidence level of 0.688 is below the threshold of 0.75. Therefore, a human operator must review the situation to make a final decision on the safety of the drone operation, especially since the predicted altitude exceeds the ceiling of 300 ft, which violates FAA Part 107 regulations regarding altitude operations.'
2026-02-16 18:54:07,373 - orchestrator.4648678608 - INFO - HITL checkpoint: drone_id=D-1001, risk=0.89, confidence=0.69, route=hitl_review
2026-02-16 18:54:14,098 - orchestrator.4648678608 - WARNING - Inconsistent decision detected: HIGH risk_band=HIGH but should_alert=False. Routing to HITL. Decision: route='hitl_review' risk_band='HIGH' should_alert=False rationale='The risk score of 0.915 indicates a high risk situation, and the confidence level of 0.675 is below the threshold for automated decision-making. Therefore, a human operator must review the situation to determine the appropriate action, as per FAA guidelines for high-risk scenarios.'
2026-02-16 18:54:14,099 - orchestrator.4648678608 - INFO - HITL checkpoint: drone_id=D-1001, risk=0.92, confidence=0.68, route=hitl_review
2026-02-16 19:05:19,637 - orchestrator.4584926800 - WARNING - Inconsistent decision detected: HIGH risk_band=HIGH but should_alert=False. Routing to HITL. Decision: route='hitl_review' risk_band='HIGH' should_alert=False rationale='The risk score of 0.891 indicates a high risk situation, and the confidence level of 0.688 is below the threshold of 0.75. Therefore, a human operator must review the situation to make a final decision on the safety of the drone operation, especially since the predicted altitude exceeds the ceiling of 300 ft, which violates FAA Part 107 guidance on altitude operations.'
2026-02-16 19:05:19,641 - orchestrator.4584926800 - INFO - HITL checkpoint: drone_id=D-1001, risk=0.89, confidence=0.69, route=hitl_review
2026-02-16 19:05:26,688 - orchestrator.4584926800 - WARNING - Inconsistent decision detected: HIGH risk_band=HIGH but should_alert=False. Routing to HITL. Decision: route='hitl_review' risk_band='HIGH' should_alert=False rationale='The risk score of 0.915 indicates a high risk situation, and the confidence level of 0.675 is below the threshold of 0.75. Therefore, a human operator must review the situation to make a final decision on the safety of the drone operation, especially since the predicted altitude exceeds the ceiling of 300 ft, which violates FAA Part 107 guidance on altitude operations.'
2026-02-16 19:05:26,690 - orchestrator.4584926800 - INFO - HITL checkpoint: drone_id=D-1001, risk=0.92, confidence=0.68, route=hitl_review
2026-02-16 19:06:26,194 - orchestrator.4555123600 - WARNING - Inconsistent decision detected: HIGH risk_band=HIGH but should_alert=False. Routing to HITL. Decision: route='hitl_review' risk_band='HIGH' should_alert=False rationale='The risk score of 0.891 indicates a high risk situation, and the confidence level of 0.688 is below the threshold of 0.75. Therefore, a human operator must review the situation to make a final decision on the safety of the drone operation, especially since the predicted altitude exceeds the ceiling of 300 ft, which violates FAA Part 107 guidance on altitude operations.'
2026-02-16 19:06:26,196 - orchestrator.4555123600 - INFO - HITL checkpoint: drone_id=D-1001, risk=0.89, confidence=0.69, route=hitl_review
2026-02-16 19:06:32,327 - orchestrator.4555123600 - WARNING - Inconsistent decision detected: HIGH risk_band=HIGH but should_alert=False. Routing to HITL. Decision: route='hitl_review' risk_band='HIGH' should_alert=False rationale='The risk score of 0.915 indicates a high risk situation, and the confidence level of 0.675 is below the threshold for automated decision-making. Therefore, a human operator must review the situation to determine the appropriate action, especially since the predicted altitude exceeds the ceiling of 300 ft, which violates FAA Part 107 regulations regarding altitude operations.'
2026-02-16 19:06:32,329 - orchestrator.4555123600 - INFO - HITL checkpoint: drone_id=D-1001, risk=0.91, confidence=0.67, route=hitl_review
2026-02-16 19:47:16,131 - orchestrator.4536235088 - WARNING - Inconsistent decision detected: HIGH risk_band=HIGH but should_alert=False. Routing to HITL. Decision: route='hitl_review' risk_band='HIGH' should_alert=False rationale='The risk score of 0.891 indicates a high risk situation, and the confidence level of 0.688 is below the threshold of 0.75. Therefore, a human operator must review the situation to make a final decision on the safety of the drone operation, especially since the predicted altitude exceeds the ceiling of 300 ft, which violates FAA Part 107 guidance on altitude operations.'
2026-02-16 19:47:16,133 - orchestrator.4536235088 - INFO - HITL checkpoint: drone_id=D-1001, risk=0.89, confidence=0.69, route=hitl_review
2026-02-16 19:47:23,980 - orchestrator.4536235088 - WARNING - Inconsistent decision detected: HIGH risk_band=HIGH but should_alert=False. Routing to HITL. Decision: route='hitl_review' risk_band='HIGH' should_alert=False rationale="The risk score of 0.915 indicates a high risk situation, necessitating a human operator's review for final decision-making. The predicted altitude of 312.0 ft exceeds the ceiling of 300.0 ft, which is a violation of FAA Part 107 regulations regarding altitude operations. Given the confidence level of 0.675, it is prudent to have a human operator assess the situation before proceeding."
2026-02-16 19:47:23,982 - orchestrator.4536235088 - INFO - HITL checkpoint: drone_id=D-1001, risk=0.91, confidence=0.67, route=hitl_review
2026-02-16 19:48:58,538 - orchestrator.4661851664 - WARNING - Inconsistent decision detected: HIGH risk_band=HIGH but should_alert=False. Routing to HITL. Decision: route='hitl_review' risk_band='HIGH' should_alert=False rationale='The risk score of 0.891 indicates a high risk situation, and the confidence level of 0.688 is below the threshold of 0.75. Therefore, a human operator must review the situation to make a final decision on the safety of the drone operation, especially since the predicted altitude exceeds the ceiling of 300 ft, which violates FAA Part 107 regulations regarding altitude operations.'
2026-02-16 19:48:58,540 - orchestrator.4661851664 - INFO - HITL checkpoint: drone_id=D-1001, risk=0.89, confidence=0.69, route=hitl_review
2026-02-16 19:49:05,383 - orchestrator.4661851664 - WARNING - Inconsistent decision detected: HIGH risk_band=HIGH but should_alert=False. Routing to HITL. Decision: route='hitl_review' risk_band='HIGH' should_alert=False rationale="The risk score of 0.915 indicates a high risk situation, necessitating a human operator's review for final decision-making. The predicted altitude of 312.0 ft exceeds the ceiling of 300.0 ft, which is a violation of FAA Part 107 regulations regarding altitude operations. Given the confidence level of 0.675, there is uncertainty in the risk assessment, further justifying the need for human intervention."
2026-02-16 19:49:05,385 - orchestrator.4661851664 - INFO - HITL checkpoint: drone_id=D-1001, risk=0.92, confidence=0.68, route=hitl_review
