2026-02-16 00:32:21 INFO altitude_warning.policy.retriever policy_rerank.start
2026-02-16 00:32:26 DEBUG altitude_warning.policy.retriever policy_rerank.raw content=```json
{"scores":[{"id":1,"score":0,"reason":"irrelevant content about wildlife areas and tethered balloons"},{"id":2,"score":0,"reason":"table of contents, no relevant information"},{"id":3,"score":1,"reason":"tangential mention of altitude related to structures, not directly addressing query"},{"id":4,"score":1,"reason":"tangential mention of ceiling, not directly addressing altitude limits for operations"},{"id":5,"score":2,"reason":"strongly implies relevance to regulations and operational limits but lacks specifics"},{"id":6,"score":3,"reason":"directly states the need to be familiar with 14 CFR part 107, which includes altitude limits and operational safety"}]}
```
2026-02-16 00:32:26 INFO altitude_warning.policy.retriever policy_rerank.scores
2026-02-16 10:03:12 INFO altitude_warning.policy.retriever policy_rerank.start
2026-02-16 10:03:16 DEBUG altitude_warning.policy.retriever policy_rerank.raw content=```json
{"scores":[{"id":1,"score":0,"reason":"irrelevant content about wildlife areas and tethered balloons"},{"id":2,"score":0,"reason":"table of contents, no relevant information"},{"id":3,"score":1,"reason":"tangential mention of altitude but not specific to Part 107 limits"},{"id":4,"score":1,"reason":"discusses ceiling but not directly related to altitude limits for Part 107"},{"id":5,"score":2,"reason":"strongly implies relevance to regulations but lacks specific altitude guidance"},{"id":6,"score":3,"reason":"directly references 14 CFR part 107, which includes altitude regulations for UAVs"}]}
```
2026-02-16 10:03:16 INFO altitude_warning.policy.retriever policy_rerank.scores
2026-02-16 10:41:45 INFO altitude_warning.policy.retriever policy_rerank.start
2026-02-16 10:41:49 DEBUG altitude_warning.policy.retriever policy_rerank.raw content=```json
{"scores":[{"id":1,"score":0,"reason":"irrelevant content about wildlife areas and tethered balloons"},{"id":2,"score":0,"reason":"table of contents, no relevant information"},{"id":3,"score":1,"reason":"tangential mention of altitude but not directly related to Part 107 limits"},{"id":4,"score":1,"reason":"discusses ceiling but not specific to Part 107 altitude limits"},{"id":5,"score":2,"reason":"strongly implies relevance to regulations but lacks specific altitude guidance"},{"id":6,"score":3,"reason":"directly references 14 CFR part 107, which includes altitude regulations"}]}
```
2026-02-16 10:41:49 INFO altitude_warning.policy.retriever policy_rerank.scores
2026-02-16 10:50:08 INFO altitude_warning.policy.retriever policy_rerank.start
2026-02-16 10:50:12 DEBUG altitude_warning.policy.retriever policy_rerank.raw content=```json
{"scores":[{"id":1,"score":0,"reason":"irrelevant content about wildlife areas and tethered balloons"},{"id":2,"score":0,"reason":"table of contents, no relevant information"},{"id":3,"score":1,"reason":"tangential mention of altitude but not directly related to Part 107 limits"},{"id":4,"score":1,"reason":"discusses ceiling but not specific to Part 107 altitude limits"},{"id":5,"score":2,"reason":"strongly implies relevance to regulations but lacks specific altitude guidance"},{"id":6,"score":3,"reason":"directly references 14 CFR part 107, which includes altitude regulations for UAVs"}]}
```
2026-02-16 10:50:12 INFO altitude_warning.policy.retriever policy_rerank.scores
2026-02-16 10:58:56 INFO altitude_warning.policy.retriever policy_rerank.start
2026-02-16 10:59:00 DEBUG altitude_warning.policy.retriever policy_rerank.raw content=```json
{"scores":[{"id":1,"score":0,"reason":"irrelevant content about airspace and structures, no altitude limits mentioned."},{"id":2,"score":0,"reason":"table of contents, no relevant information on altitude limits."},{"id":3,"score":1,"reason":"mentions 2,000 feet AGL but not directly related to the query about operational safety."},{"id":4,"score":1,"reason":"discusses ceiling but does not provide specific altitude limits relevant to the query."},{"id":5,"score":2,"reason":"implies knowledge areas include regulations and operational limits, but lacks specifics."},{"id":6,"score":3,"reason":"directly references 14 CFR part 107, which includes regulations on altitude limits."}]}
```
2026-02-16 10:59:00 INFO altitude_warning.policy.retriever policy_rerank.scores
2026-02-16 11:05:47 INFO altitude_warning.policy.retriever policy_rerank.start
2026-02-16 11:05:50 DEBUG altitude_warning.policy.retriever policy_rerank.raw content=```json
{"scores":[{"id":1,"score":0,"reason":"irrelevant content about wildlife areas and tethered balloons"},{"id":2,"score":0,"reason":"table of contents, no relevant information"},{"id":3,"score":1,"reason":"tangential mention of altitude related to structures, not directly addressing query"},{"id":4,"score":1,"reason":"tangential mention of ceiling, not directly addressing altitude limits for operations"},{"id":5,"score":2,"reason":"strongly implies relevance to regulations and operational limits"},{"id":6,"score":3,"reason":"directly states the need to be familiar with 14 CFR part 107, which includes altitude limits and operational safety"}]}
```
2026-02-16 11:05:50 INFO altitude_warning.policy.retriever policy_rerank.scores
2026-02-16 11:32:06 INFO altitude_warning.policy.retriever policy_rerank.start
2026-02-16 11:32:10 DEBUG altitude_warning.policy.retriever policy_rerank.raw content=```json
{"scores":[{"id":1,"score":0,"reason":"irrelevant content about wildlife areas and tethered balloons"},{"id":2,"score":0,"reason":"table of contents, no relevant information"},{"id":3,"score":1,"reason":"tangential mention of altitude related to structures, not directly addressing query"},{"id":4,"score":1,"reason":"tangential mention of ceiling, not directly addressing altitude limits for operations"},{"id":5,"score":2,"reason":"strongly implies relevance to regulations and operational limits"},{"id":6,"score":3,"reason":"directly states the need to be familiar with 14 CFR part 107, which includes altitude limits and operational safety"}]}
```
2026-02-16 11:32:10 INFO altitude_warning.policy.retriever policy_rerank.scores
2026-02-16 11:32:16 INFO altitude_warning.policy.retriever policy_rerank.start
2026-02-16 11:32:19 DEBUG altitude_warning.policy.retriever policy_rerank.raw content=```json
{"scores":[{"id":1,"score":0,"reason":"irrelevant content about wildlife areas and tethered balloons"},{"id":2,"score":0,"reason":"table of contents, no relevant information"},{"id":3,"score":1,"reason":"tangential mention of altitude but not directly related to Part 107 limits"},{"id":4,"score":1,"reason":"tangential mention of ceiling but not directly related to Part 107 limits"},{"id":5,"score":2,"reason":"strongly implies relevance to regulations but lacks specific altitude limits"},{"id":6,"score":2,"reason":"strongly implies relevance to regulations but lacks specific altitude limits"}]}
```
2026-02-16 11:32:19 INFO altitude_warning.policy.retriever policy_rerank.scores
2026-02-16 11:32:25 INFO altitude_warning.policy.retriever policy_rerank.start
2026-02-16 11:32:28 DEBUG altitude_warning.policy.retriever policy_rerank.raw content=```json
{"scores":[{"id":1,"score":0,"reason":"irrelevant details about wildlife areas and tethered balloons"},{"id":2,"score":2,"reason":"implies altitude limit for safe landing but not directly stated"},{"id":3,"score":0,"reason":"table of contents, no relevant information"},{"id":4,"score":1,"reason":"mentions altitude but not directly related to operational safety or limits"},{"id":5,"score":1,"reason":"discusses ceiling but not directly related to altitude limits for operations"},{"id":6,"score":3,"reason":"directly references 14 CFR part 107, which includes regulations on altitude limits"}]}
```
2026-02-16 11:32:28 INFO altitude_warning.policy.retriever policy_rerank.scores
2026-02-16 11:32:35 INFO altitude_warning.policy.retriever policy_rerank.start
2026-02-16 11:32:38 DEBUG altitude_warning.policy.retriever policy_rerank.raw content=```json
{"scores":[{"id":1,"score":0,"reason":"irrelevant content about wildlife areas and tethered balloons"},{"id":2,"score":0,"reason":"table of contents, no relevant information"},{"id":3,"score":1,"reason":"tangential mention of altitude but not directly related to Part 107 limits"},{"id":4,"score":1,"reason":"tangential mention of ceiling but not directly related to Part 107 limits"},{"id":5,"score":3,"reason":"directly references 14 CFR part 107, which includes altitude limits"},{"id":6,"score":2,"reason":"strongly implies relevance to regulations and operational limits"}]}
```
2026-02-16 11:32:38 INFO altitude_warning.policy.retriever policy_rerank.scores
2026-02-16 11:32:44 INFO altitude_warning.policy.retriever policy_rerank.start
2026-02-16 11:32:47 DEBUG altitude_warning.policy.retriever policy_rerank.raw content=```json
{"scores":[{"id":1,"score":0,"reason":"irrelevant to altitude limits or operational safety"},{"id":2,"score":0,"reason":"irrelevant to altitude limits or operational safety"},{"id":3,"score":1,"reason":"tangential mention of altitude but not specific to Part 107 regulations"},{"id":4,"score":2,"reason":"strongly implies relevance to applicable regulations but lacks specific altitude guidance"},{"id":5,"score":2,"reason":"strongly implies relevance to regulations and operational limits but not specific to altitude"},{"id":6,"score":1,"reason":"tangential mention of ceiling but not specific to Part 107 regulations or altitude limits"}]}
```
2026-02-16 11:32:47 INFO altitude_warning.policy.retriever policy_rerank.scores
2026-02-16 11:38:49 INFO altitude_warning.policy.retriever policy_rerank.start
2026-02-16 11:38:52 DEBUG altitude_warning.policy.retriever policy_rerank.raw content=```json
{"scores":[{"id":1,"score":0,"reason":"irrelevant content about wildlife areas and tethered balloons"},{"id":2,"score":0,"reason":"table of contents, no relevant information"},{"id":3,"score":1,"reason":"tangential mention of altitude related to structures, not directly addressing query"},{"id":4,"score":2,"reason":"strongly implies relevant guidance on ceiling and visibility, related to operational safety"},{"id":5,"score":2,"reason":"strongly implies relevant guidance on regulations and operational limits"},{"id":6,"score":3,"reason":"directly states the need to be familiar with 14 CFR part 107, which includes altitude limits and operational safety"}]}
```
2026-02-16 11:38:52 INFO altitude_warning.policy.retriever policy_rerank.scores
2026-02-16 11:38:56 INFO altitude_warning.policy.retriever policy_rerank.start
2026-02-16 11:38:59 DEBUG altitude_warning.policy.retriever policy_rerank.raw content=```json
{"scores":[{"id":1,"score":0,"reason":"irrelevant content about wildlife areas and tethered balloons"},{"id":2,"score":0,"reason":"table of contents, no relevant information"},{"id":3,"score":1,"reason":"tangential mention of altitude related to structures, not directly addressing query"},{"id":4,"score":1,"reason":"tangential mention of ceiling, not directly addressing altitude limits for operations"},{"id":5,"score":3,"reason":"directly references applicable regulations for part 107"},{"id":6,"score":2,"reason":"strongly implies relevant guidance on regulations and limitations for operations"}]}
```
2026-02-16 11:38:59 INFO altitude_warning.policy.retriever policy_rerank.scores
2026-02-16 11:39:04 INFO altitude_warning.policy.retriever policy_rerank.start
2026-02-16 11:39:07 DEBUG altitude_warning.policy.retriever policy_rerank.raw content=```json
{"scores":[{"id":1,"score":0,"reason":"irrelevant to altitude limits or operational safety."},{"id":2,"score":2,"reason":"implies altitude limit of 400' AGL for safety."},{"id":3,"score":0,"reason":"irrelevant to altitude limits or operational safety."},{"id":4,"score":1,"reason":"tangential mention of structures extending above 2,000' AGL."},{"id":5,"score":1,"reason":"tangential mention of ceiling but not specific to operational safety."},{"id":6,"score":3,"reason":"directly states the need to be familiar with 14 CFR part 107."}]}
```
2026-02-16 11:39:07 INFO altitude_warning.policy.retriever policy_rerank.scores
2026-02-16 11:39:11 INFO altitude_warning.policy.retriever policy_rerank.start
2026-02-16 11:39:15 DEBUG altitude_warning.policy.retriever policy_rerank.raw content=```json
{"scores":[{"id":1,"score":0,"reason":"irrelevant content about wildlife areas and tethered balloons"},{"id":2,"score":0,"reason":"table of contents, no relevant information"},{"id":3,"score":1,"reason":"tangential mention of altitude but not directly related to Part 107 limits"},{"id":4,"score":1,"reason":"tangential mention of ceiling but not directly related to Part 107 limits"},{"id":5,"score":2,"reason":"strongly implies relevance to regulations but lacks specific altitude limits"},{"id":6,"score":2,"reason":"strongly implies relevance to regulations but lacks specific altitude limits"}]}
```
2026-02-16 11:39:15 INFO altitude_warning.policy.retriever policy_rerank.scores
2026-02-16 11:39:20 INFO altitude_warning.policy.retriever policy_rerank.start
2026-02-16 11:39:23 DEBUG altitude_warning.policy.retriever policy_rerank.raw content=```json
{"scores":[{"id":1,"score":0,"reason":"irrelevant to altitude limits or operational safety"},{"id":2,"score":0,"reason":"irrelevant to altitude limits or operational safety"},{"id":3,"score":1,"reason":"tangential mention of altitude but not specific to Part 107 regulations"},{"id":4,"score":2,"reason":"strongly implies relevance to applicable regulations but lacks specific altitude guidance"},{"id":5,"score":2,"reason":"strongly implies relevance to regulations but lacks specific altitude guidance"},{"id":6,"score":1,"reason":"tangential mention of ceiling but not specific to Part 107 regulations"}]}
```
2026-02-16 11:39:23 INFO altitude_warning.policy.retriever policy_rerank.scores
2026-02-16 11:41:35 INFO altitude_warning.policy.retriever policy_rerank.start
2026-02-16 11:41:38 DEBUG altitude_warning.policy.retriever policy_rerank.raw content=```json
{"scores":[{"id":1,"score":0,"reason":"irrelevant content about wildlife areas and tethered balloons"},{"id":2,"score":0,"reason":"table of contents, no relevant information"},{"id":3,"score":1,"reason":"tangential mention of altitude related to structures, not directly addressing query"},{"id":4,"score":1,"reason":"tangential mention of ceiling, not directly addressing altitude limits for operations"},{"id":5,"score":2,"reason":"strongly implies relevance to regulations and operational limits"},{"id":6,"score":3,"reason":"directly states the need to be familiar with 14 CFR part 107, which includes altitude limits and operational safety"}]}
```
2026-02-16 11:41:38 INFO altitude_warning.policy.retriever policy_rerank.scores
2026-02-16 11:41:42 INFO altitude_warning.policy.retriever policy_rerank.start
2026-02-16 11:41:45 DEBUG altitude_warning.policy.retriever policy_rerank.raw content=```json
{"scores":[{"id":1,"score":1,"reason":"tangential mention of altitude limits in specific contexts"},{"id":2,"score":0,"reason":"irrelevant, only a table of contents"},{"id":3,"score":1,"reason":"tangential mention of altitude related to structures, not directly applicable to query"},{"id":4,"score":2,"reason":"strongly implies relevant guidance on ceiling and visibility, related to operational safety"},{"id":5,"score":3,"reason":"directly states the need to be familiar with 14 CFR part 107, which includes altitude limits"},{"id":6,"score":2,"reason":"strongly implies relevant guidance on applicable regulations and operational safety"}]}
```
2026-02-16 11:41:45 INFO altitude_warning.policy.retriever policy_rerank.scores
2026-02-16 11:41:51 INFO altitude_warning.policy.retriever policy_rerank.start
2026-02-16 11:41:54 DEBUG altitude_warning.policy.retriever policy_rerank.raw content=```json
{"scores":[{"id":1,"score":0,"reason":"irrelevant to altitude limits or operational safety."},{"id":2,"score":2,"reason":"implies altitude limit for safe landing but lacks specific regulation."},{"id":3,"score":0,"reason":"irrelevant to altitude limits or operational safety."},{"id":4,"score":1,"reason":"tangential mention of altitude but not directly related to Part 107 limits."},{"id":5,"score":1,"reason":"tangential mention of ceiling but not directly related to operational safety."},{"id":6,"score":3,"reason":"directly states the need to be familiar with 14 CFR part 107."}]}
```
2026-02-16 11:41:54 INFO altitude_warning.policy.retriever policy_rerank.scores
2026-02-16 11:41:59 INFO altitude_warning.policy.retriever policy_rerank.start
2026-02-16 11:42:02 DEBUG altitude_warning.policy.retriever policy_rerank.raw content=```json
{"scores":[{"id":1,"score":0,"reason":"irrelevant content about wildlife areas and tethered balloons"},{"id":2,"score":0,"reason":"table of contents, no relevant information"},{"id":3,"score":1,"reason":"tangential mention of altitude but not directly related to Part 107 limits"},{"id":4,"score":1,"reason":"tangential mention of ceiling but not directly related to Part 107 limits"},{"id":5,"score":3,"reason":"directly references 14 CFR part 107, which includes altitude limits"},{"id":6,"score":2,"reason":"strongly implies relevance to regulations and operational limits"}]}
```
2026-02-16 11:42:02 INFO altitude_warning.policy.retriever policy_rerank.scores
2026-02-16 11:42:09 INFO altitude_warning.policy.retriever policy_rerank.start
2026-02-16 11:42:12 DEBUG altitude_warning.policy.retriever policy_rerank.raw content=```json
{"scores":[{"id":1,"score":0,"reason":"irrelevant to altitude limits or operational safety"},{"id":2,"score":0,"reason":"irrelevant to altitude limits or operational safety"},{"id":3,"score":1,"reason":"tangential mention of altitude but not specific to Part 107 regulations"},{"id":4,"score":2,"reason":"strongly implies relevance to applicable regulations but lacks specific altitude guidance"},{"id":5,"score":2,"reason":"strongly implies relevance to regulations and operational limits but not specific to altitude"},{"id":6,"score":1,"reason":"tangential mention of ceiling but not specific to Part 107 regulations or altitude limits"}]}
```
2026-02-16 11:42:12 INFO altitude_warning.policy.retriever policy_rerank.scores
2026-02-16 11:52:19 INFO altitude_warning.policy.retriever policy_rerank.start
2026-02-16 11:52:22 DEBUG altitude_warning.policy.retriever policy_rerank.raw content=```json
{"scores":[{"id":1,"score":0,"reason":"irrelevant content about wildlife areas and tethered balloons"},{"id":2,"score":0,"reason":"table of contents, no relevant information"},{"id":3,"score":1,"reason":"tangential mention of altitude related to structures, not directly addressing query"},{"id":4,"score":1,"reason":"tangential mention of ceiling, not directly addressing altitude limits for operations"},{"id":5,"score":2,"reason":"strongly implies relevance to regulations and operational limits"},{"id":6,"score":3,"reason":"directly states the need to be familiar with 14 CFR part 107, which includes altitude limits and operational safety"}]}
```
2026-02-16 11:52:22 INFO altitude_warning.policy.retriever policy_rerank.scores
2026-02-16 11:52:28 INFO altitude_warning.policy.retriever policy_rerank.start
2026-02-16 11:52:31 DEBUG altitude_warning.policy.retriever policy_rerank.raw content=```json
{"scores":[{"id":1,"score":0,"reason":"irrelevant content about wildlife areas and tethered balloons"},{"id":2,"score":0,"reason":"table of contents, no relevant information"},{"id":3,"score":1,"reason":"tangential mention of altitude related to structures, not directly addressing query"},{"id":4,"score":2,"reason":"strongly implies relevant guidance on ceiling and visibility, but not altitude limits"},{"id":5,"score":2,"reason":"strongly implies relevance to regulations but lacks specific altitude information"},{"id":6,"score":3,"reason":"directly states the need to be familiar with 14 CFR part 107, which includes altitude regulations."}]}
```
2026-02-16 11:52:31 INFO altitude_warning.policy.retriever policy_rerank.scores
2026-02-16 11:52:36 INFO altitude_warning.policy.retriever policy_rerank.start
2026-02-16 11:52:38 DEBUG altitude_warning.policy.retriever policy_rerank.raw content=```json
{"scores":[{"id":1,"score":0,"reason":"irrelevant to altitude limits or operational safety"},{"id":2,"score":0,"reason":"irrelevant to altitude limits or operational safety"},{"id":3,"score":1,"reason":"tangential mention of altitude but not specific to Part 107 regulations"},{"id":4,"score":2,"reason":"strongly implies relevance to applicable regulations but lacks specific altitude guidance"},{"id":5,"score":2,"reason":"strongly implies relevance to regulations but lacks specific altitude guidance"},{"id":6,"score":1,"reason":"tangential mention of ceiling but not specific to Part 107 regulations"}]}
```
2026-02-16 11:52:38 INFO altitude_warning.policy.retriever policy_rerank.scores
2026-02-16 11:52:43 INFO altitude_warning.policy.retriever policy_rerank.start
2026-02-16 11:52:46 DEBUG altitude_warning.policy.retriever policy_rerank.raw content=```json
{"scores":[{"id":1,"score":0,"reason":"irrelevant content about wildlife areas and tethered balloons"},{"id":2,"score":2,"reason":"implies altitude guidance related to safe landing but not specific to regulations"},{"id":3,"score":0,"reason":"table of contents, no relevant information"},{"id":4,"score":1,"reason":"mentions altitude but not directly related to Part 107 regulations"},{"id":5,"score":1,"reason":"discusses ceiling but not specific to operational safety or altitude limits"},{"id":6,"score":3,"reason":"directly references 14 CFR part 107, which includes altitude regulations"}]}
```
2026-02-16 11:52:46 INFO altitude_warning.policy.retriever policy_rerank.scores
2026-02-16 11:52:51 INFO altitude_warning.policy.retriever policy_rerank.start
2026-02-16 11:52:54 DEBUG altitude_warning.policy.retriever policy_rerank.raw content=```json
{"scores":[{"id":1,"score":0,"reason":"irrelevant content about airspace and structures"},{"id":2,"score":0,"reason":"table of contents, no relevant information"},{"id":3,"score":1,"reason":"tangential mention of altitude but not specific to Part 107 limits"},{"id":4,"score":2,"reason":"strongly implies relevance to regulations but lacks specifics"},{"id":5,"score":2,"reason":"implies relevance to regulations and operational limits but not specific"},{"id":6,"score":1,"reason":"tangential mention of ceiling, not directly related to altitude limits"}]}
```
2026-02-16 11:52:54 INFO altitude_warning.policy.retriever policy_rerank.scores
2026-02-16 12:00:24 INFO altitude_warning.policy.retriever policy_rerank.start
2026-02-16 12:00:28 DEBUG altitude_warning.policy.retriever policy_rerank.raw content=```json
{"scores":[{"id":1,"score":0,"reason":"irrelevant content about wildlife areas and tethered balloons"},{"id":2,"score":0,"reason":"table of contents, no relevant information"},{"id":3,"score":1,"reason":"mentions altitude but not directly related to Part 107 regulations"},{"id":4,"score":1,"reason":"discusses ceiling but not specific to Part 107 altitude limits"},{"id":5,"score":2,"reason":"strongly implies relevance to regulations but lacks specific altitude guidance"},{"id":6,"score":3,"reason":"directly references 14 CFR part 107, which includes altitude regulations for UAVs"}]}
```
2026-02-16 12:00:28 INFO altitude_warning.policy.retriever policy_rerank.scores
2026-02-16 12:00:49 INFO altitude_warning.policy.retriever policy_rerank.start
2026-02-16 12:00:54 DEBUG altitude_warning.policy.retriever policy_rerank.raw content=```json
{"scores":[{"id":1,"score":0,"reason":"irrelevant content about airspace and structures, no altitude limits mentioned."},{"id":2,"score":0,"reason":"table of contents, does not provide relevant information."},{"id":3,"score":1,"reason":"mentions altitude but not specifically related to Part 107 limits."},{"id":4,"score":1,"reason":"discusses ceiling but not directly related to operational safety or altitude limits."},{"id":5,"score":2,"reason":"implies relevance to regulations but does not specify altitude limits."},{"id":6,"score":3,"reason":"directly references 14 CFR part 107, which includes applicable regulations."}]}
```
2026-02-16 12:00:54 INFO altitude_warning.policy.retriever policy_rerank.scores
2026-02-16 12:01:01 INFO altitude_warning.policy.retriever policy_rerank.start
2026-02-16 12:01:05 DEBUG altitude_warning.policy.retriever policy_rerank.raw content=```json
{"scores":[{"id":1,"score":0,"reason":"irrelevant content about wildlife areas and tethered balloons"},{"id":2,"score":0,"reason":"table of contents, no relevant information"},{"id":3,"score":1,"reason":"tangential mention of altitude related to structures, not directly addressing query"},{"id":4,"score":1,"reason":"tangential mention of ceiling, not directly addressing altitude limits for operations"},{"id":5,"score":2,"reason":"strongly implies relevance to regulations and operational limits"},{"id":6,"score":3,"reason":"directly states the need to be familiar with 14 CFR part 107, which includes altitude limits and operational safety"}]}
```
2026-02-16 12:01:05 INFO altitude_warning.policy.retriever policy_rerank.scores
2026-02-16 12:01:11 INFO altitude_warning.policy.retriever policy_rerank.start
2026-02-16 12:01:14 DEBUG altitude_warning.policy.retriever policy_rerank.raw content=```json
{"scores":[{"id":1,"score":0,"reason":"irrelevant content about wildlife areas and tethered balloons"},{"id":2,"score":0,"reason":"table of contents, no relevant information"},{"id":3,"score":1,"reason":"mentions altitude but not directly related to Part 107 limits"},{"id":4,"score":1,"reason":"discusses ceiling but not specific to Part 107 altitude limits"},{"id":5,"score":2,"reason":"strongly implies relevance to regulations but lacks specifics"},{"id":6,"score":3,"reason":"directly references 14 CFR part 107, which includes altitude regulations"}]}
```
2026-02-16 12:01:14 INFO altitude_warning.policy.retriever policy_rerank.scores
2026-02-16 12:01:21 INFO altitude_warning.policy.retriever policy_rerank.start
2026-02-16 12:01:24 DEBUG altitude_warning.policy.retriever policy_rerank.raw content=```json
{"scores":[{"id":1,"score":0,"reason":"irrelevant to altitude limits or operational safety."},{"id":2,"score":2,"reason":"implies altitude guidance for safe landing."},{"id":3,"score":0,"reason":"irrelevant to altitude limits or operational safety."},{"id":4,"score":1,"reason":"tangential mention of altitude but not specific to Part 107."},{"id":5,"score":1,"reason":"tangential mention of ceiling but not specific to Part 107."},{"id":6,"score":3,"reason":"directly states the need to be familiar with 14 CFR part 107."}]}
```
2026-02-16 12:01:24 INFO altitude_warning.policy.retriever policy_rerank.scores
2026-02-16 12:01:29 INFO altitude_warning.policy.retriever policy_rerank.start
2026-02-16 12:01:33 DEBUG altitude_warning.policy.retriever policy_rerank.raw content=```json
{"scores":[{"id":1,"score":0,"reason":"irrelevant to altitude limits or operational safety"},{"id":2,"score":0,"reason":"irrelevant to altitude limits or operational safety"},{"id":3,"score":1,"reason":"tangential mention of altitude but not specific to Part 107 regulations"},{"id":4,"score":2,"reason":"strongly implies relevance to applicable regulations but lacks specific altitude guidance"},{"id":5,"score":2,"reason":"strongly implies relevance to regulations and operational limits but not specific to altitude"},{"id":6,"score":1,"reason":"tangential mention of ceiling but not specific to Part 107 regulations or altitude limits"}]}
```
2026-02-16 12:01:33 INFO altitude_warning.policy.retriever policy_rerank.scores
2026-02-16 12:08:18 INFO altitude_warning.policy.retriever policy_rerank.start
2026-02-16 12:08:23 DEBUG altitude_warning.policy.retriever policy_rerank.raw content=```json
{"scores":[{"id":1,"score":0,"reason":"irrelevant content about wildlife areas and tethered balloons"},{"id":2,"score":0,"reason":"table of contents, no relevant information"},{"id":3,"score":1,"reason":"tangential mention of altitude related to structures, not directly addressing query"},{"id":4,"score":1,"reason":"tangential mention of ceiling, not directly addressing altitude limits for operations"},{"id":5,"score":2,"reason":"strongly implies relevance to regulations and operational limits"},{"id":6,"score":3,"reason":"directly states the need to be familiar with 14 CFR part 107, which includes altitude limits and operational safety"}]}
```
2026-02-16 12:08:23 INFO altitude_warning.policy.retriever policy_rerank.scores
2026-02-16 12:08:32 INFO altitude_warning.policy.retriever policy_rerank.start
2026-02-16 12:08:37 DEBUG altitude_warning.policy.retriever policy_rerank.raw content=```json
{"scores":[{"id":1,"score":0,"reason":"irrelevant content about wildlife areas and tethered balloons"},{"id":2,"score":0,"reason":"table of contents, no relevant information"},{"id":3,"score":1,"reason":"tangential mention of altitude related to structures, not directly addressing query"},{"id":4,"score":1,"reason":"tangential mention of ceiling, not directly addressing altitude limits for operations"},{"id":5,"score":2,"reason":"strongly implies relevance to regulations and operational limits"},{"id":6,"score":3,"reason":"directly states the need to be familiar with 14 CFR part 107, which includes altitude limits and operational safety"}]}
```
2026-02-16 12:08:37 INFO altitude_warning.policy.retriever policy_rerank.scores
2026-02-16 12:08:48 INFO altitude_warning.policy.retriever policy_rerank.start
2026-02-16 12:08:53 DEBUG altitude_warning.policy.retriever policy_rerank.raw content=```json
{"scores":[{"id":1,"score":0,"reason":"irrelevant content about wildlife areas and tethered balloons"},{"id":2,"score":0,"reason":"table of contents, no relevant information"},{"id":3,"score":1,"reason":"mentions altitude but not directly related to Part 107 regulations"},{"id":4,"score":1,"reason":"discusses ceiling but not specific to Part 107 altitude limits"},{"id":5,"score":2,"reason":"strongly implies relevance to regulations but lacks specific altitude guidance"},{"id":6,"score":3,"reason":"directly references 14 CFR part 107, which includes altitude regulations for UAVs"}]}
```
2026-02-16 12:08:53 INFO altitude_warning.policy.retriever policy_rerank.scores
2026-02-16 12:09:01 INFO altitude_warning.policy.retriever policy_rerank.start
2026-02-16 12:09:05 DEBUG altitude_warning.policy.retriever policy_rerank.raw content=```json
{"scores":[{"id":1,"score":0,"reason":"irrelevant details about wildlife areas and tethered balloons"},{"id":2,"score":2,"reason":"implies altitude limit for safe landing but not directly stated"},{"id":3,"score":0,"reason":"table of contents, no relevant information"},{"id":4,"score":1,"reason":"mentions altitude but not directly related to query"},{"id":5,"score":1,"reason":"discusses ceiling but not specific to operational safety or limits"},{"id":6,"score":3,"reason":"directly references 14 CFR part 107, applicable regulations"}]}
```
2026-02-16 12:09:05 INFO altitude_warning.policy.retriever policy_rerank.scores
2026-02-16 12:09:13 INFO altitude_warning.policy.retriever policy_rerank.start
2026-02-16 12:09:17 DEBUG altitude_warning.policy.retriever policy_rerank.raw content=```json
{"scores":[{"id":1,"score":0,"reason":"irrelevant content about airspace and structures"},{"id":2,"score":0,"reason":"table of contents, no relevant information"},{"id":3,"score":1,"reason":"tangential mention of altitude but not specific to Part 107 regulations"},{"id":4,"score":2,"reason":"strongly implies relevance to regulations but lacks specific altitude limits"},{"id":5,"score":2,"reason":"implies knowledge areas related to regulations but not specific to altitude limits"},{"id":6,"score":1,"reason":"tangential mention of ceiling but not directly related to operational safety or altitude limits"}]}
```
2026-02-16 12:09:17 INFO altitude_warning.policy.retriever policy_rerank.scores
